-------------------------------------------------------------------------------
Test set: ar.edu.udesa.i408.tp1.integration.GiftCardSystemIntegrationTest
-------------------------------------------------------------------------------
Tests run: 4, Failures: 1, Errors: 1, Skipped: 0, Time elapsed: 3.039 s <<< FAILURE! - in ar.edu.udesa.i408.tp1.integration.GiftCardSystemIntegrationTest
testInvalidCredentialsReturnsUnauthorized  Time elapsed: 0.478 s  <<< ERROR!
org.springframework.web.client.ResourceAccessException: I/O error on POST request for "http://localhost:39789/auth/login": cannot retry due to server authentication, in streaming mode; nested exception is java.net.HttpRetryException: cannot retry due to server authentication, in streaming mode
	at ar.edu.udesa.i408.tp1.integration.GiftCardSystemIntegrationTest.testInvalidCredentialsReturnsUnauthorized(GiftCardSystemIntegrationTest.java:170)
Caused by: java.net.HttpRetryException: cannot retry due to server authentication, in streaming mode
	at ar.edu.udesa.i408.tp1.integration.GiftCardSystemIntegrationTest.testInvalidCredentialsReturnsUnauthorized(GiftCardSystemIntegrationTest.java:170)

testCompleteUserFlowLoginAndGiftCardOperations  Time elapsed: 0.02 s  <<< FAILURE!
org.opentest4j.AssertionFailedError: expected: <true> but was: <false>
	at ar.edu.udesa.i408.tp1.integration.GiftCardSystemIntegrationTest.testCompleteUserFlowLoginAndGiftCardOperations(GiftCardSystemIntegrationTest.java:76)

