-------------------------------------------------------------------------------
Test set: ar.edu.udesa.i408.tp1.integration.RestApiIntegrationTest
-------------------------------------------------------------------------------
Tests run: 4, Failures: 0, Errors: 4, Skipped: 0, Time elapsed: 1.955 s <<< FAILURE! - in ar.edu.udesa.i408.tp1.integration.RestApiIntegrationTest
testGiftCardEndpointsRequireAuthentication  Time elapsed: 0.008 s  <<< ERROR!
java.lang.IllegalStateException: Failed to load ApplicationContext
Caused by: java.lang.IllegalArgumentException: Unresolvable class definition for class [ar.edu.udesa.i408.tp1.controller.GiftCardController]
Caused by: java.lang.UnsupportedClassVersionError: ar/edu/udesa/i408/tp1/controller/GiftCardController has been compiled by a more recent version of the Java Runtime (class file version 61.0), this version of the Java Runtime only recognizes class file versions up to 55.0

testLoginEndpointWithValidCredentials  Time elapsed: 0 s  <<< ERROR!
java.lang.IllegalStateException: Failed to load ApplicationContext
Caused by: java.lang.IllegalArgumentException: Unresolvable class definition for class [ar.edu.udesa.i408.tp1.controller.GiftCardController]
Caused by: java.lang.UnsupportedClassVersionError: ar/edu/udesa/i408/tp1/controller/GiftCardController has been compiled by a more recent version of the Java Runtime (class file version 61.0), this version of the Java Runtime only recognizes class file versions up to 55.0

testMerchantChargeWithInvalidKey  Time elapsed: 0 s  <<< ERROR!
java.lang.IllegalStateException: Failed to load ApplicationContext
Caused by: java.lang.IllegalArgumentException: Unresolvable class definition for class [ar.edu.udesa.i408.tp1.controller.GiftCardController]
Caused by: java.lang.UnsupportedClassVersionError: ar/edu/udesa/i408/tp1/controller/GiftCardController has been compiled by a more recent version of the Java Runtime (class file version 61.0), this version of the Java Runtime only recognizes class file versions up to 55.0

testMerchantChargeEndpoint  Time elapsed: 0 s  <<< ERROR!
java.lang.IllegalStateException: Failed to load ApplicationContext
Caused by: java.lang.IllegalArgumentException: Unresolvable class definition for class [ar.edu.udesa.i408.tp1.controller.GiftCardController]
Caused by: java.lang.UnsupportedClassVersionError: ar/edu/udesa/i408/tp1/controller/GiftCardController has been compiled by a more recent version of the Java Runtime (class file version 61.0), this version of the Java Runtime only recognizes class file versions up to 55.0

