<?xml version="1.0" encoding="UTF-8"?>
<testsuite xmlns:xsi="http://www.w3.org/2001/XMLSchema-instance" xsi:noNamespaceSchemaLocation="https://maven.apache.org/surefire/maven-surefire-plugin/xsd/surefire-test-report.xsd" name="ar.edu.udesa.i408.tp1.integration.GiftCardSystemIntegrationTest" time="3.039" tests="4" errors="1" skipped="0" failures="1">
  <properties>
[...]
</properties>
  <testcase name="testInvalidCredentialsReturnsUnauthorized" classname="ar.edu.udesa.i408.tp1.integration.GiftCardSystemIntegrationTest" time="0.478">
    <error message="I/O error on POST request for &quot;http://localhost:39789/auth/login&quot;: cannot retry due to server authentication, in streaming mode; nested exception is java.net.HttpRetryException: cannot retry due to server authentication, in streaming mode" type="org.springframework.web.client.ResourceAccessException">org.springframework.web.client.ResourceAccessException: I/O error on POST request for "http://localhost:39789/auth/login": cannot retry due to server authentication, in streaming mode; nested exception is java.net.HttpRetryException: cannot retry due to server authentication, in streaming mode
	at ar.edu.udesa.i408.tp1.integration.GiftCardSystemIntegrationTest.testInvalidCredentialsReturnsUnauthorized(GiftCardSystemIntegrationTest.java:170)
Caused by: java.net.HttpRetryException: cannot retry due to server authentication, in streaming mode
	at ar.edu.udesa.i408.tp1.integration.GiftCardSystemIntegrationTest.testInvalidCredentialsReturnsUnauthorized(GiftCardSystemIntegrationTest.java:170)
</error>
    <system-out><![CDATA[13:43:37.664 [main] DEBUG org.springframework.test.context.BootstrapUtils - Instantiating CacheAwareContextLoaderDelegate from class [org.springframework.test.context.cache.DefaultCacheAwareContextLoaderDelegate]
13:43:37.671 [main] DEBUG org.springframework.test.context.BootstrapUtils - Instantiating BootstrapContext using constructor [public org.springframework.test.context.support.DefaultBootstrapContext(java.lang.Class,org.springframework.test.context.CacheAwareContextLoaderDelegate)]
13:43:37.705 [main] DEBUG org.springframework.test.context.BootstrapUtils - Instantiating TestContextBootstrapper for test class [ar.edu.udesa.i408.tp1.integration.GiftCardSystemIntegrationTest] from class [org.springframework.boot.test.context.SpringBootTestContextBootstrapper]
13:43:37.716 [main] INFO org.springframework.boot.test.context.SpringBootTestContextBootstrapper - Neither @ContextConfiguration nor @ContextHierarchy found for test class [ar.edu.udesa.i408.tp1.integration.GiftCardSystemIntegrationTest], using SpringBootContextLoader
13:43:37.720 [main] DEBUG org.springframework.test.context.support.AbstractContextLoader - Did not detect default resource location for test class [ar.edu.udesa.i408.tp1.integration.GiftCardSystemIntegrationTest]: class path resource [ar/edu/udesa/i408/tp1/integration/GiftCardSystemIntegrationTest-context.xml] does not exist
13:43:37.721 [main] DEBUG org.springframework.test.context.support.AbstractContextLoader - Did not detect default resource location for test class [ar.edu.udesa.i408.tp1.integration.GiftCardSystemIntegrationTest]: class path resource [ar/edu/udesa/i408/tp1/integration/GiftCardSystemIntegrationTestContext.groovy] does not exist
13:43:37.721 [main] INFO org.springframework.test.context.support.AbstractContextLoader - Could not detect default resource locations for test class [ar.edu.udesa.i408.tp1.integration.GiftCardSystemIntegrationTest]: no resource found for suffixes {-context.xml, Context.groovy}.
13:43:37.722 [main] INFO org.springframework.test.context.support.AnnotationConfigContextLoaderUtils - Could not detect default configuration classes for test class [ar.edu.udesa.i408.tp1.integration.GiftCardSystemIntegrationTest]: GiftCardSystemIntegrationTest does not declare any static, non-private, non-final, nested classes annotated with @Configuration.
13:43:37.760 [main] DEBUG org.springframework.test.context.support.ActiveProfilesUtils - Could not find an 'annotation declaring class' for annotation type [org.springframework.test.context.ActiveProfiles] and class [ar.edu.udesa.i408.tp1.integration.GiftCardSystemIntegrationTest]
13:43:37.813 [main] DEBUG org.springframework.context.annotation.ClassPathScanningCandidateComponentProvider - Identified candidate component class: file [/home/tron-mrs/Documents/2025/Software/tp1/target/classes/ar/edu/udesa/i408/tp1/Tp1Application.class]
13:43:37.814 [main] INFO org.springframework.boot.test.context.SpringBootTestContextBootstrapper - Found @SpringBootConfiguration ar.edu.udesa.i408.tp1.Tp1Application for test class ar.edu.udesa.i408.tp1.integration.GiftCardSystemIntegrationTest
13:43:37.901 [main] DEBUG org.springframework.boot.test.context.SpringBootTestContextBootstrapper - @TestExecutionListeners is not present for class [ar.edu.udesa.i408.tp1.integration.GiftCardSystemIntegrationTest]: using defaults.
13:43:37.902 [main] INFO org.springframework.boot.test.context.SpringBootTestContextBootstrapper - Loaded default TestExecutionListener class names from location [META-INF/spring.factories]: [org.springframework.boot.test.mock.mockito.MockitoTestExecutionListener, org.springframework.boot.test.mock.mockito.ResetMocksTestExecutionListener, org.springframework.boot.test.autoconfigure.restdocs.RestDocsTestExecutionListener, org.springframework.boot.test.autoconfigure.web.client.MockRestServiceServerResetTestExecutionListener, org.springframework.boot.test.autoconfigure.web.servlet.MockMvcPrintOnlyOnFailureTestExecutionListener, org.springframework.boot.test.autoconfigure.web.servlet.WebDriverTestExecutionListener, org.springframework.boot.test.autoconfigure.webservices.client.MockWebServiceServerTestExecutionListener, org.springframework.test.context.web.ServletTestExecutionListener, org.springframework.test.context.support.DirtiesContextBeforeModesTestExecutionListener, org.springframework.test.context.event.ApplicationEventsTestExecutionListener, org.springframework.test.context.support.DependencyInjectionTestExecutionListener, org.springframework.test.context.support.DirtiesContextTestExecutionListener, org.springframework.test.context.transaction.TransactionalTestExecutionListener, org.springframework.test.context.jdbc.SqlScriptsTestExecutionListener, org.springframework.test.context.event.EventPublishingTestExecutionListener]
13:43:37.911 [main] DEBUG org.springframework.boot.test.context.SpringBootTestContextBootstrapper - Skipping candidate TestExecutionListener [org.springframework.test.context.transaction.TransactionalTestExecutionListener] due to a missing dependency. Specify custom listener classes or make the default listener classes and their required dependencies available. Offending class: [org/springframework/transaction/interceptor/TransactionAttributeSource]
13:43:37.912 [main] DEBUG org.springframework.boot.test.context.SpringBootTestContextBootstrapper - Skipping candidate TestExecutionListener [org.springframework.test.context.jdbc.SqlScriptsTestExecutionListener] due to a missing dependency. Specify custom listener classes or make the default listener classes and their required dependencies available. Offending class: [org/springframework/transaction/interceptor/TransactionAttribute]
13:43:37.913 [main] INFO org.springframework.boot.test.context.SpringBootTestContextBootstrapper - Using TestExecutionListeners: [org.springframework.test.context.web.ServletTestExecutionListener@39de3d36, org.springframework.test.context.support.DirtiesContextBeforeModesTestExecutionListener@6ce86ce1, org.springframework.test.context.event.ApplicationEventsTestExecutionListener@54e7df6a, org.springframework.boot.test.mock.mockito.MockitoTestExecutionListener@3fed2870, org.springframework.boot.test.autoconfigure.SpringBootDependencyInjectionTestExecutionListener@77128536, org.springframework.test.context.support.DirtiesContextTestExecutionListener@58326051, org.springframework.test.context.event.EventPublishingTestExecutionListener@32c4e8b2, org.springframework.boot.test.mock.mockito.ResetMocksTestExecutionListener@64bce832, org.springframework.boot.test.autoconfigure.restdocs.RestDocsTestExecutionListener@764faa6, org.springframework.boot.test.autoconfigure.web.client.MockRestServiceServerResetTestExecutionListener@4c1f22f3, org.springframework.boot.test.autoconfigure.web.servlet.MockMvcPrintOnlyOnFailureTestExecutionListener@598bd2ba, org.springframework.boot.test.autoconfigure.web.servlet.WebDriverTestExecutionListener@5a755cc1, org.springframework.boot.test.autoconfigure.webservices.client.MockWebServiceServerTestExecutionListener@7ae42ce3]
13:43:37.916 [main] DEBUG org.springframework.test.context.support.AbstractDirtiesContextTestExecutionListener - Before test class: context [DefaultTestContext@45312be2 testClass = GiftCardSystemIntegrationTest, testInstance = [null], testMethod = [null], testException = [null], mergedContextConfiguration = [WebMergedContextConfiguration@7fb95505 testClass = GiftCardSystemIntegrationTest, locations = '{}', classes = '{class ar.edu.udesa.i408.tp1.Tp1Application}', contextInitializerClasses = '[]', activeProfiles = '{}', propertySourceLocations = '{}', propertySourceProperties = '{org.springframework.boot.test.context.SpringBootTestContextBootstrapper=true, server.port=0}', contextCustomizers = set[org.springframework.boot.test.context.filter.ExcludeFilterContextCustomizer@783a467b, org.springframework.boot.test.json.DuplicateJsonObjectContextCustomizerFactory$DuplicateJsonObjectContextCustomizer@242b836, org.springframework.boot.test.mock.mockito.MockitoContextCustomizer@0, org.springframework.boot.test.web.client.TestRestTemplateContextCustomizer@5677323c, org.springframework.boot.test.autoconfigure.actuate.metrics.MetricsExportContextCustomizerFactory$DisableMetricExportContextCustomizer@e350b40, org.springframework.boot.test.autoconfigure.properties.PropertyMappingContextCustomizer@0, org.springframework.boot.test.autoconfigure.web.servlet.WebDriverContextCustomizerFactory$Customizer@644baf4a, org.springframework.boot.test.context.SpringBootTestArgs@1, org.springframework.boot.test.context.SpringBootTestWebEnvironment@704921a5], resourceBasePath = 'src/main/webapp', contextLoader = 'org.springframework.boot.test.context.SpringBootContextLoader', parent = [null]], attributes = map['org.springframework.test.context.web.ServletTestExecutionListener.activateListener' -> false]], class annotated with @DirtiesContext [false] with mode [null].
13:43:37.922 [main] DEBUG org.springframework.test.context.support.DependencyInjectionTestExecutionListener - Performing dependency injection for test context [[DefaultTestContext@45312be2 testClass = GiftCardSystemIntegrationTest, testInstance = ar.edu.udesa.i408.tp1.integration.GiftCardSystemIntegrationTest@554e218, testMethod = [null], testException = [null], mergedContextConfiguration = [WebMergedContextConfiguration@7fb95505 testClass = GiftCardSystemIntegrationTest, locations = '{}', classes = '{class ar.edu.udesa.i408.tp1.Tp1Application}', contextInitializerClasses = '[]', activeProfiles = '{}', propertySourceLocations = '{}', propertySourceProperties = '{org.springframework.boot.test.context.SpringBootTestContextBootstrapper=true, server.port=0}', contextCustomizers = set[org.springframework.boot.test.context.filter.ExcludeFilterContextCustomizer@783a467b, org.springframework.boot.test.json.DuplicateJsonObjectContextCustomizerFactory$DuplicateJsonObjectContextCustomizer@242b836, org.springframework.boot.test.mock.mockito.MockitoContextCustomizer@0, org.springframework.boot.test.web.client.TestRestTemplateContextCustomizer@5677323c, org.springframework.boot.test.autoconfigure.actuate.metrics.MetricsExportContextCustomizerFactory$DisableMetricExportContextCustomizer@e350b40, org.springframework.boot.test.autoconfigure.properties.PropertyMappingContextCustomizer@0, org.springframework.boot.test.autoconfigure.web.servlet.WebDriverContextCustomizerFactory$Customizer@644baf4a, org.springframework.boot.test.context.SpringBootTestArgs@1, org.springframework.boot.test.context.SpringBootTestWebEnvironment@704921a5], resourceBasePath = 'src/main/webapp', contextLoader = 'org.springframework.boot.test.context.SpringBootContextLoader', parent = [null]], attributes = map['org.springframework.test.context.web.ServletTestExecutionListener.activateListener' -> false, 'org.springframework.test.context.event.ApplicationEventsTestExecutionListener.recordApplicationEvents' -> false]]].
13:43:37.955 [main] INFO org.springframework.boot.devtools.restart.RestartApplicationListener - Restart disabled due to context in which it is running

  .   ____          _            __ _ _
 /\\ / ___'_ __ _ _(_)_ __  __ _ \ \ \ \
( ( )\___ | '_ | '_| | '_ \/ _` | \ \ \ \
 \\/  ___)| |_)| | | | | || (_| |  ) ) ) )
  '  |____| .__|_| |_|_| |_\__, | / / / /
 =========|_|==============|___/=/_/_/_/
 :: Spring Boot ::               (v2.7.18)

2025-09-19 13:43:38.253  INFO 29659 --- [           main] .e.u.i.t.i.GiftCardSystemIntegrationTest : Starting GiftCardSystemIntegrationTest using Java 11.0.28 on lightcycle with PID 29659 (started by tron-mrs in /home/tron-mrs/Documents/2025/Software/tp1)
2025-09-19 13:43:38.254  INFO 29659 --- [           main] .e.u.i.t.i.GiftCardSystemIntegrationTest : No active profile set, falling back to 1 default profile: "default"
2025-09-19 13:43:38.950  INFO 29659 --- [           main] trationDelegate$BeanPostProcessorChecker : Bean 'org.springframework.ws.config.annotation.DelegatingWsConfiguration' of type [org.springframework.ws.config.annotation.DelegatingWsConfiguration$$EnhancerBySpringCGLIB$$7726864d] is not eligible for getting processed by all BeanPostProcessors (for example: not eligible for auto-proxying)
2025-09-19 13:43:39.017  INFO 29659 --- [           main] .w.s.a.s.AnnotationActionEndpointMapping : Supporting [WS-Addressing August 2004, WS-Addressing 1.0]
2025-09-19 13:43:39.334  INFO 29659 --- [           main] o.s.b.w.embedded.tomcat.TomcatWebServer  : Tomcat initialized with port(s): 0 (http)
2025-09-19 13:43:39.344  INFO 29659 --- [           main] o.apache.catalina.core.StandardService   : Starting service [Tomcat]
2025-09-19 13:43:39.345  INFO 29659 --- [           main] org.apache.catalina.core.StandardEngine  : Starting Servlet engine: [Apache Tomcat/9.0.83]
2025-09-19 13:43:39.456  INFO 29659 --- [           main] o.a.c.c.C.[Tomcat].[localhost].[/]       : Initializing Spring embedded WebApplicationContext
2025-09-19 13:43:39.456  INFO 29659 --- [           main] w.s.c.ServletWebServerApplicationContext : Root WebApplicationContext: initialization completed in 1177 ms
2025-09-19 13:43:40.061  INFO 29659 --- [           main] o.s.b.w.embedded.tomcat.TomcatWebServer  : Tomcat started on port(s): 39789 (http) with context path ''
2025-09-19 13:43:40.071  INFO 29659 --- [           main] .e.u.i.t.i.GiftCardSystemIntegrationTest : Started GiftCardSystemIntegrationTest in 2.126 seconds (JVM running for 3.074)
2025-09-19 13:43:40.473  INFO 29659 --- [o-auto-1-exec-1] o.a.c.c.C.[Tomcat].[localhost].[/]       : Initializing Spring DispatcherServlet 'dispatcherServlet'
2025-09-19 13:43:40.473  INFO 29659 --- [o-auto-1-exec-1] o.s.web.servlet.DispatcherServlet        : Initializing Servlet 'dispatcherServlet'
2025-09-19 13:43:40.475  INFO 29659 --- [o-auto-1-exec-1] o.s.web.servlet.DispatcherServlet        : Completed initialization in 2 ms
]]></system-out>
  </testcase>
  <testcase name="testMerchantChargeFlow" classname="ar.edu.udesa.i408.tp1.integration.GiftCardSystemIntegrationTest" time="0.055"/>
  <testcase name="testInvalidTokenReturnsUnauthorized" classname="ar.edu.udesa.i408.tp1.integration.GiftCardSystemIntegrationTest" time="0.009"/>
  <testcase name="testCompleteUserFlowLoginAndGiftCardOperations" classname="ar.edu.udesa.i408.tp1.integration.GiftCardSystemIntegrationTest" time="0.02">
    <failure message="expected: &lt;true&gt; but was: &lt;false&gt;" type="org.opentest4j.AssertionFailedError"><![CDATA[org.opentest4j.AssertionFailedError: expected: <true> but was: <false>
	at ar.edu.udesa.i408.tp1.integration.GiftCardSystemIntegrationTest.testCompleteUserFlowLoginAndGiftCardOperations(GiftCardSystemIntegrationTest.java:76)
]]></failure>
  </testcase>
</testsuite>